This file contains any messages produced by compilers while
running configure, to aid debugging if configure makes a mistake.

It was created by configure, which was
generated by GNU Autoconf 2.69.  Invocation command line was

  $ ./configure --disable-s3 --disable-lzma --disable-bz2 --prefix=/home/cmb-16/mjc/mchaisso/projects/LRA/htslib/

## --------- ##
## Platform. ##
## --------- ##

hostname = hpc-rigoletto
uname -m = x86_64
uname -r = 3.10.0-957.21.3.el7.x86_64
uname -s = Linux
uname -v = #1 SMP Tue Jun 18 16:35:19 UTC 2019

/usr/bin/uname -p = x86_64
/bin/uname -X     = unknown

/bin/arch              = x86_64
/usr/bin/arch -k       = unknown
/usr/convex/getsysinfo = unknown
/usr/bin/hostinfo      = unknown
/bin/machine           = unknown
/usr/bin/oslevel       = unknown
/bin/universe          = unknown

PATH: /usr/usc/gnu/gmp/6.1.0/bin
PATH: /usr/usc/gnu/gcc/8.3.0/bin
PATH: /home/cmb-16/mjc/mchaisso/software/anaconda3/bin
PATH: /home/cmb-16/mjc/shared/bin
PATH: /usr/usc/R/3.5.0/bin
PATH: /home/cmb-16/mjc/mchaisso/software/anaconda3/bin
PATH: /home/cmb-16/mjc/mchaisso/software/anaconda/bin
PATH: /home/cmb-16/mjc/mchaisso/software/anaconda/condabin
PATH: /auto/cmb-16/mjc/shared/software_packages/google-cloud-sdk/bin
PATH: /home/cmb-16/mjc/shared/bin
PATH: /usr/local/bin
PATH: /usr/bin
PATH: /home/cmb-16/mjc/shared/bin
PATH: /home/rcf-40/mchaisso/scripts
PATH: /home/cmb-16/mjc/mchaisso/projects/blasr/alignment/bin
PATH: /home/cmb-16/mjc/shared/bin
PATH: /home/rcf-40/mchaisso/scripts
PATH: /home/cmb-16/mjc/mchaisso/projects/blasr/alignment/bin


## ----------- ##
## Core tests. ##
## ----------- ##

configure:2167: checking for gcc
configure:2183: found /usr/usc/gnu/gcc/8.3.0/bin/gcc
configure:2194: result: gcc
configure:2423: checking for C compiler version
configure:2432: gcc --version >&5
gcc (GCC) 8.3.0
Copyright (C) 2018 Free Software Foundation, Inc.
This is free software; see the source for copying conditions.  There is NO
warranty; not even for MERCHANTABILITY or FITNESS FOR A PARTICULAR PURPOSE.

configure:2443: $? = 0
configure:2432: gcc -v >&5
Using built-in specs.
COLLECT_GCC=gcc
COLLECT_LTO_WRAPPER=/auto/usc/gnu/gcc/8.3.0/bin/../libexec/gcc/x86_64-pc-linux-gnu/8.3.0/lto-wrapper
OFFLOAD_TARGET_NAMES=nvptx-none
Target: x86_64-pc-linux-gnu
Configured with: ../gcc_8_3_0_release/configure --enable-offload-targets=nvptx-none --with-cuda-driver=/usr/usc/cuda/10.1/ --disable-bootstrap --disable-multilib --enable-languages=c,c++,fortran,lto --prefix=/usr/usc/gnu/gcc/8.3.0 --with-gmp=/usr/usc/gnu/gmp/6.1.0 --with-mpfr=/usr/usc/gnu/mpfr/3.1.4 --with-mpc=/usr/usc/gnu/mpc/1.0.3
Thread model: posix
gcc version 8.3.0 (GCC) 
configure:2443: $? = 0
configure:2432: gcc -V >&5
gcc: error: unrecognized command line option '-V'
gcc: fatal error: no input files
compilation terminated.
configure:2443: $? = 1
configure:2432: gcc -qversion >&5
gcc: error: unrecognized command line option '-qversion'; did you mean '--version'?
gcc: fatal error: no input files
compilation terminated.
configure:2443: $? = 1
configure:2463: checking whether the C compiler works
configure:2485: gcc    conftest.c  >&5
configure:2489: $? = 0
configure:2537: result: yes
configure:2540: checking for C compiler default output file name
configure:2542: result: a.out
configure:2548: checking for suffix of executables
configure:2555: gcc -o conftest    conftest.c  >&5
configure:2559: $? = 0
configure:2581: result: 
configure:2603: checking whether we are cross compiling
configure:2611: gcc -o conftest    conftest.c  >&5
configure:2615: $? = 0
configure:2622: ./conftest
configure:2626: $? = 0
configure:2641: result: no
configure:2646: checking for suffix of object files
configure:2668: gcc -c   conftest.c >&5
configure:2672: $? = 0
configure:2693: result: o
configure:2697: checking whether we are using the GNU C compiler
configure:2716: gcc -c   conftest.c >&5
configure:2716: $? = 0
configure:2725: result: yes
configure:2734: checking whether gcc accepts -g
configure:2754: gcc -c -g  conftest.c >&5
configure:2754: $? = 0
configure:2795: result: yes
configure:2812: checking for gcc option to accept ISO C89
configure:2875: gcc  -c -g -O2  conftest.c >&5
configure:2875: $? = 0
configure:2888: result: none needed
configure:2951: checking for ranlib
configure:2967: found /usr/bin/ranlib
configure:2978: result: ranlib
configure:3001: checking for grep that handles long lines and -e
configure:3059: result: /usr/bin/grep
configure:3084: checking for C compiler warning flags
configure:3197: result: -Wall
configure:3314: checking for special C compiler options needed for large files
configure:3359: result: no
configure:3365: checking for _FILE_OFFSET_BITS value needed for large files
configure:3390: gcc -c  -Wall -g -O2  conftest.c >&5
configure:3390: $? = 0
configure:3422: result: no
configure:3507: checking for _LARGEFILE_SOURCE value needed for large files
configure:3526: gcc -o conftest  -Wall -g -O2   conftest.c  >&5
configure:3526: $? = 0
configure:3554: result: no
configure:3656: checking shared library type for unknown-Linux
configure:3684: result: plain .so
configure:3693: checking how to run the C preprocessor
configure:3724: gcc -E  conftest.c
configure:3724: $? = 0
configure:3738: gcc -E  conftest.c
conftest.c:10:10: fatal error: ac_nonexistent.h: No such file or directory
 #include <ac_nonexistent.h>
          ^~~~~~~~~~~~~~~~~~
compilation terminated.
configure:3738: $? = 1
configure: failed program was:
| /* confdefs.h */
| #define PACKAGE_NAME ""
| #define PACKAGE_TARNAME ""
| #define PACKAGE_VERSION ""
| #define PACKAGE_STRING ""
| #define PACKAGE_BUGREPORT ""
| #define PACKAGE_URL ""
| #define HAVE_FSEEKO 1
| /* end confdefs.h.  */
| #include <ac_nonexistent.h>
configure:3763: result: gcc -E
configure:3783: gcc -E  conftest.c
configure:3783: $? = 0
configure:3797: gcc -E  conftest.c
conftest.c:10:10: fatal error: ac_nonexistent.h: No such file or directory
 #include <ac_nonexistent.h>
          ^~~~~~~~~~~~~~~~~~
compilation terminated.
configure:3797: $? = 1
configure: failed program was:
| /* confdefs.h */
| #define PACKAGE_NAME ""
| #define PACKAGE_TARNAME ""
| #define PACKAGE_VERSION ""
| #define PACKAGE_STRING ""
| #define PACKAGE_BUGREPORT ""
| #define PACKAGE_URL ""
| #define HAVE_FSEEKO 1
| /* end confdefs.h.  */
| #include <ac_nonexistent.h>
configure:3826: checking for egrep
configure:3888: result: /usr/bin/grep -E
configure:3893: checking for ANSI C header files
configure:3913: gcc -c  -Wall -g -O2  conftest.c >&5
configure:3913: $? = 0
configure:3986: gcc -o conftest  -Wall -g -O2   conftest.c  >&5
configure:3986: $? = 0
configure:3986: ./conftest
configure:3986: $? = 0
configure:3997: result: yes
configure:4010: checking for sys/types.h
configure:4010: gcc -c  -Wall -g -O2  conftest.c >&5
configure:4010: $? = 0
configure:4010: result: yes
configure:4010: checking for sys/stat.h
configure:4010: gcc -c  -Wall -g -O2  conftest.c >&5
configure:4010: $? = 0
configure:4010: result: yes
configure:4010: checking for stdlib.h
configure:4010: gcc -c  -Wall -g -O2  conftest.c >&5
configure:4010: $? = 0
configure:4010: result: yes
configure:4010: checking for string.h
configure:4010: gcc -c  -Wall -g -O2  conftest.c >&5
configure:4010: $? = 0
configure:4010: result: yes
configure:4010: checking for memory.h
configure:4010: gcc -c  -Wall -g -O2  conftest.c >&5
configure:4010: $? = 0
configure:4010: result: yes
configure:4010: checking for strings.h
configure:4010: gcc -c  -Wall -g -O2  conftest.c >&5
configure:4010: $? = 0
configure:4010: result: yes
configure:4010: checking for inttypes.h
configure:4010: gcc -c  -Wall -g -O2  conftest.c >&5
configure:4010: $? = 0
configure:4010: result: yes
configure:4010: checking for stdint.h
configure:4010: gcc -c  -Wall -g -O2  conftest.c >&5
configure:4010: $? = 0
configure:4010: result: yes
configure:4010: checking for unistd.h
configure:4010: gcc -c  -Wall -g -O2  conftest.c >&5
configure:4010: $? = 0
configure:4010: result: yes
configure:4028: checking for stdlib.h
configure:4028: result: yes
configure:4028: checking for unistd.h
configure:4028: result: yes
configure:4028: checking for sys/param.h
configure:4028: gcc -c  -Wall -g -O2  conftest.c >&5
configure:4028: $? = 0
configure:4028: result: yes
configure:4048: checking for getpagesize
configure:4048: gcc -o conftest  -Wall -g -O2   conftest.c  >&5
configure:4048: $? = 0
configure:4048: result: yes
configure:4057: checking for working mmap
configure:4204: gcc -o conftest  -Wall -g -O2   conftest.c  >&5
configure:4204: $? = 0
configure:4204: ./conftest
configure:4204: $? = 0
configure:4214: result: yes
configure:4226: checking for gmtime_r
configure:4226: gcc -o conftest  -Wall -g -O2   conftest.c  >&5
configure:4226: $? = 0
configure:4226: result: yes
configure:4226: checking for fsync
configure:4226: gcc -o conftest  -Wall -g -O2   conftest.c  >&5
configure:4226: $? = 0
configure:4226: result: yes
configure:4226: checking for drand48
configure:4226: gcc -o conftest  -Wall -g -O2   conftest.c  >&5
configure:4226: $? = 0
configure:4226: result: yes
configure:4238: checking whether fdatasync is declared
configure:4238: gcc -c  -Wall -g -O2  conftest.c >&5
configure:4238: $? = 0
configure:4238: result: yes
configure:4242: checking for fdatasync
configure:4242: gcc -o conftest  -Wall -g -O2   conftest.c  >&5
configure:4242: $? = 0
configure:4242: result: yes
configure:4338: checking for library containing log
configure:4369: gcc -o conftest  -Wall -g -O2   conftest.c  >&5
conftest.c:36:6: warning: conflicting types for built-in function 'log' [-Wbuiltin-declaration-mismatch]
 char log ();
      ^~~
/tmp/ccBWutqQ.o: In function `main':
/home/cmb-16/mjc/mchaisso/projects/LRA/htslib/conftest.c:40: undefined reference to `log'
collect2: error: ld returned 1 exit status
configure:4369: $? = 1
configure: failed program was:
| /* confdefs.h */
| #define PACKAGE_NAME ""
| #define PACKAGE_TARNAME ""
| #define PACKAGE_VERSION ""
| #define PACKAGE_STRING ""
| #define PACKAGE_BUGREPORT ""
| #define PACKAGE_URL ""
| #define HAVE_FSEEKO 1
| #define STDC_HEADERS 1
| #define HAVE_SYS_TYPES_H 1
| #define HAVE_SYS_STAT_H 1
| #define HAVE_STDLIB_H 1
| #define HAVE_STRING_H 1
| #define HAVE_MEMORY_H 1
| #define HAVE_STRINGS_H 1
| #define HAVE_INTTYPES_H 1
| #define HAVE_STDINT_H 1
| #define HAVE_UNISTD_H 1
| #define HAVE_STDLIB_H 1
| #define HAVE_UNISTD_H 1
| #define HAVE_SYS_PARAM_H 1
| #define HAVE_GETPAGESIZE 1
| #define HAVE_MMAP 1
| #define HAVE_GMTIME_R 1
| #define HAVE_FSYNC 1
| #define HAVE_DRAND48 1
| #define HAVE_FDATASYNC 1
| /* end confdefs.h.  */
| 
| /* Override any GCC internal prototype to avoid an error.
|    Use char because int might match the return type of a GCC
|    builtin and then its argument prototype would still apply.  */
| #ifdef __cplusplus
| extern "C"
| #endif
| char log ();
| int
| main ()
| {
| return log ();
|   ;
|   return 0;
| }
configure:4369: gcc -o conftest  -Wall -g -O2   conftest.c -lm   >&5
conftest.c:36:6: warning: conflicting types for built-in function 'log' [-Wbuiltin-declaration-mismatch]
 char log ();
      ^~~
configure:4369: $? = 0
configure:4386: result: -lm
configure:4406: checking for zlib.h
configure:4406: gcc -c  -Wall -g -O2  conftest.c >&5
configure:4406: $? = 0
configure:4406: result: yes
configure:4415: checking for inflate in -lz
configure:4440: gcc -o conftest  -Wall -g -O2   conftest.c -lz  -lm  >&5
configure:4440: $? = 0
configure:4449: result: yes
configure:4480: checking for library containing recv
configure:4511: gcc -o conftest  -Wall -g -O2   conftest.c -lz -lm  >&5
configure:4511: $? = 0
configure:4528: result: none required
configure:4722: checking for libdeflate.h
configure:4722: gcc -c  -Wall -g -O2  conftest.c >&5
conftest.c:32:10: fatal error: libdeflate.h: No such file or directory
 #include <libdeflate.h>
          ^~~~~~~~~~~~~~
compilation terminated.
configure:4722: $? = 1
configure: failed program was:
| /* confdefs.h */
| #define PACKAGE_NAME ""
| #define PACKAGE_TARNAME ""
| #define PACKAGE_VERSION ""
| #define PACKAGE_STRING ""
| #define PACKAGE_BUGREPORT ""
| #define PACKAGE_URL ""
| #define HAVE_FSEEKO 1
| #define STDC_HEADERS 1
| #define HAVE_SYS_TYPES_H 1
| #define HAVE_SYS_STAT_H 1
| #define HAVE_STDLIB_H 1
| #define HAVE_STRING_H 1
| #define HAVE_MEMORY_H 1
| #define HAVE_STRINGS_H 1
| #define HAVE_INTTYPES_H 1
| #define HAVE_STDINT_H 1
| #define HAVE_UNISTD_H 1
| #define HAVE_STDLIB_H 1
| #define HAVE_UNISTD_H 1
| #define HAVE_SYS_PARAM_H 1
| #define HAVE_GETPAGESIZE 1
| #define HAVE_MMAP 1
| #define HAVE_GMTIME_R 1
| #define HAVE_FSYNC 1
| #define HAVE_DRAND48 1
| #define HAVE_FDATASYNC 1
| #define HAVE_LIBZ 1
| /* end confdefs.h.  */
| ;
| 
| #include <libdeflate.h>
configure:4722: result: no
configure:4731: checking for libdeflate_deflate_compress in -ldeflate
configure:4756: gcc -o conftest  -Wall -g -O2   conftest.c -ldeflate  -lz -lm  >&5
/usr/bin/ld: cannot find -ldeflate
collect2: error: ld returned 1 exit status
configure:4756: $? = 1
configure: failed program was:
| /* confdefs.h */
| #define PACKAGE_NAME ""
| #define PACKAGE_TARNAME ""
| #define PACKAGE_VERSION ""
| #define PACKAGE_STRING ""
| #define PACKAGE_BUGREPORT ""
| #define PACKAGE_URL ""
| #define HAVE_FSEEKO 1
| #define STDC_HEADERS 1
| #define HAVE_SYS_TYPES_H 1
| #define HAVE_SYS_STAT_H 1
| #define HAVE_STDLIB_H 1
| #define HAVE_STRING_H 1
| #define HAVE_MEMORY_H 1
| #define HAVE_STRINGS_H 1
| #define HAVE_INTTYPES_H 1
| #define HAVE_STDINT_H 1
| #define HAVE_UNISTD_H 1
| #define HAVE_STDLIB_H 1
| #define HAVE_UNISTD_H 1
| #define HAVE_SYS_PARAM_H 1
| #define HAVE_GETPAGESIZE 1
| #define HAVE_MMAP 1
| #define HAVE_GMTIME_R 1
| #define HAVE_FSYNC 1
| #define HAVE_DRAND48 1
| #define HAVE_FDATASYNC 1
| #define HAVE_LIBZ 1
| /* end confdefs.h.  */
| 
| /* Override any GCC internal prototype to avoid an error.
|    Use char because int might match the return type of a GCC
|    builtin and then its argument prototype would still apply.  */
| #ifdef __cplusplus
| extern "C"
| #endif
| char libdeflate_deflate_compress ();
| int
| main ()
| {
| return libdeflate_deflate_compress ();
|   ;
|   return 0;
| }
configure:4765: result: no
configure:4807: checking for curl_easy_pause in -lcurl
configure:4832: gcc -o conftest  -Wall -g -O2   conftest.c -lcurl  -lz -lm  >&5
configure:4832: $? = 0
configure:4841: result: yes
configure:5069: checking whether PTHREAD_MUTEX_RECURSIVE is declared
configure:5069: gcc -c  -Wall -g -O2  conftest.c >&5
configure:5069: $? = 0
configure:5069: result: yes
configure:5214: creating ./config.status

## ---------------------- ##
## Running config.status. ##
## ---------------------- ##

This file was extended by config.status, which was
generated by GNU Autoconf 2.69.  Invocation command line was

  CONFIG_FILES    = 
  CONFIG_HEADERS  = 
  CONFIG_LINKS    = 
  CONFIG_COMMANDS = 
  $ ./config.status 

on hpc-rigoletto

config.status:825: creating config.mk
config.status:825: creating htslib.pc.tmp
config.status:825: creating config.h

## ---------------- ##
## Cache variables. ##
## ---------------- ##

ac_cv_c_compiler_gnu=yes
ac_cv_env_CC_set=
ac_cv_env_CC_value=
ac_cv_env_CFLAGS_set=
ac_cv_env_CFLAGS_value=
ac_cv_env_CPPFLAGS_set=
ac_cv_env_CPPFLAGS_value=
ac_cv_env_CPP_set=
ac_cv_env_CPP_value=
ac_cv_env_LDFLAGS_set=
ac_cv_env_LDFLAGS_value=
ac_cv_env_LIBS_set=
ac_cv_env_LIBS_value=
ac_cv_env_build_alias_set=
ac_cv_env_build_alias_value=
ac_cv_env_host_alias_set=
ac_cv_env_host_alias_value=
ac_cv_env_target_alias_set=
ac_cv_env_target_alias_value=
ac_cv_func_drand48=yes
ac_cv_func_fdatasync=yes
ac_cv_func_fsync=yes
ac_cv_func_getpagesize=yes
ac_cv_func_gmtime_r=yes
ac_cv_func_mmap_fixed_mapped=yes
ac_cv_have_decl_PTHREAD_MUTEX_RECURSIVE=yes
ac_cv_have_decl_fdatasync_int_=yes
ac_cv_header_inttypes_h=yes
ac_cv_header_libdeflate_h=no
ac_cv_header_memory_h=yes
ac_cv_header_stdc=yes
ac_cv_header_stdint_h=yes
ac_cv_header_stdlib_h=yes
ac_cv_header_string_h=yes
ac_cv_header_strings_h=yes
ac_cv_header_sys_param_h=yes
ac_cv_header_sys_stat_h=yes
ac_cv_header_sys_types_h=yes
ac_cv_header_unistd_h=yes
ac_cv_header_zlib_h=yes
ac_cv_lib_curl_curl_easy_pause=yes
ac_cv_lib_deflate_libdeflate_deflate_compress=no
ac_cv_lib_z_inflate=yes
ac_cv_objext=o
ac_cv_path_EGREP='/usr/bin/grep -E'
ac_cv_path_GREP=/usr/bin/grep
ac_cv_prog_CPP='gcc -E'
ac_cv_prog_ac_ct_CC=gcc
ac_cv_prog_ac_ct_RANLIB=ranlib
ac_cv_prog_cc_c89=
ac_cv_prog_cc_g=yes
ac_cv_search_log=-lm
ac_cv_search_recv='none required'
ac_cv_sys_file_offset_bits=no
ac_cv_sys_largefile_CC=no
ac_cv_sys_largefile_source=no
hts_cv_prog_cc_warnings=-Wall

## ----------------- ##
## Output variables. ##
## ----------------- ##

CC='gcc'
CFLAGS=' -Wall -g -O2'
CPP='gcc -E'
CPPFLAGS=''
CRYPTO_LIBS=''
DEFS='-DHAVE_CONFIG_H'
ECHO_C=''
ECHO_N='-n'
ECHO_T=''
EGREP='/usr/bin/grep -E'
EXEEXT=''
GREP='/usr/bin/grep'
LDFLAGS=''
LIBOBJS=''
LIBS='-lz -lm '
LTLIBOBJS=''
OBJEXT='o'
PACKAGE_BUGREPORT=''
PACKAGE_NAME=''
PACKAGE_STRING=''
PACKAGE_TARNAME=''
PACKAGE_URL=''
PACKAGE_VERSION=''
PATH_SEPARATOR=':'
PLATFORM='default'
PLUGIN_EXT='.so'
RANLIB='ranlib'
SHELL='/bin/sh'
ac_ct_CC='gcc'
bindir='${exec_prefix}/bin'
build_alias=''
datadir='${datarootdir}'
datarootdir='${prefix}/share'
docdir='${datarootdir}/doc/${PACKAGE}'
dvidir='${docdir}'
enable_plugins='no'
exec_prefix='${prefix}'
gcs='enabled'
host_alias='unknown-Linux'
htmldir='${docdir}'
includedir='${prefix}/include'
infodir='${datarootdir}/info'
libcurl='enabled'
libdir='${exec_prefix}/lib'
libexecdir='${exec_prefix}/libexec'
localedir='${datarootdir}/locale'
localstatedir='${prefix}/var'
mandir='${datarootdir}/man'
oldincludedir='/usr/include'
pc_requires=''
pdfdir='${docdir}'
plugindir='$(libexecdir)/htslib'
pluginpath='$(libexecdir)/htslib'
prefix='/home/cmb-16/mjc/mchaisso/projects/LRA/htslib'
private_LIBS=''
program_transform_name='s,x,x,'
psdir='${docdir}'
s3='disabled'
sbindir='${exec_prefix}/sbin'
sharedstatedir='${prefix}/com'
static_LDFLAGS=''
static_LIBS='-lpthread -lz -lm -lcurl'
sysconfdir='${prefix}/etc'
target_alias=''

## ----------- ##
## confdefs.h. ##
## ----------- ##

/* confdefs.h */
#define PACKAGE_NAME ""
#define PACKAGE_TARNAME ""
#define PACKAGE_VERSION ""
#define PACKAGE_STRING ""
#define PACKAGE_BUGREPORT ""
#define PACKAGE_URL ""
#define HAVE_FSEEKO 1
#define STDC_HEADERS 1
#define HAVE_SYS_TYPES_H 1
#define HAVE_SYS_STAT_H 1
#define HAVE_STDLIB_H 1
#define HAVE_STRING_H 1
#define HAVE_MEMORY_H 1
#define HAVE_STRINGS_H 1
#define HAVE_INTTYPES_H 1
#define HAVE_STDINT_H 1
#define HAVE_UNISTD_H 1
#define HAVE_STDLIB_H 1
#define HAVE_UNISTD_H 1
#define HAVE_SYS_PARAM_H 1
#define HAVE_GETPAGESIZE 1
#define HAVE_MMAP 1
#define HAVE_GMTIME_R 1
#define HAVE_FSYNC 1
#define HAVE_DRAND48 1
#define HAVE_FDATASYNC 1
#define HAVE_LIBZ 1
#define HAVE_LIBCURL 1
#define ENABLE_GCS 1

configure: exit 0
